<?xml version="1.0" encoding="UTF-8"?>
<testng-results ignored="0" total="12" passed="11" failed="1" skipped="0">
  <reporter-output>
  </reporter-output>
  <suite started-at="2021-11-08T07:53:31 PST" name="Default suite" finished-at="2021-11-08T07:55:00 PST" duration-ms="89172">
    <groups>
      <group name="cucumber">
        <method signature="AbstractTestNGCucumberTests.runScenario(io.cucumber.testng.PickleWrapper, io.cucumber.testng.FeatureWrapper)[pri:0, instance:runner.MyRunner@5939a379]" name="runScenario" class="io.cucumber.testng.AbstractTestNGCucumberTests"/>
      </group> <!-- cucumber -->
    </groups>
    <test started-at="2021-11-08T07:53:31 PST" name="Default test" finished-at="2021-11-08T07:55:00 PST" duration-ms="89172">
      <class name="runner.MyRunner">
        <test-method is-config="true" signature="setUpClass()[pri:0, instance:runner.MyRunner@5939a379]" started-at="2021-11-08T07:53:31 PST" name="setUpClass" finished-at="2021-11-08T07:53:32 PST" duration-ms="731" status="PASS">
          <reporter-output>
          </reporter-output>
        </test-method> <!-- setUpClass -->
        <test-method signature="runScenario(io.cucumber.testng.PickleWrapper, io.cucumber.testng.FeatureWrapper)[pri:0, instance:runner.MyRunner@5939a379]" started-at="2021-11-08T07:53:32 PST" name="runScenario" description="Runs Cucumber Scenarios" data-provider="scenarios" finished-at="2021-11-08T07:53:45 PST" duration-ms="12902" status="PASS">
          <params>
            <param index="0">
              <value>
                <![CDATA["Init WebBrowser"]]>
              </value>
            </param>
            <param index="1">
              <value>
                <![CDATA["Optional[This feature is to test the login functionality of swag lab.]"]]>
              </value>
            </param>
          </params>
          <reporter-output>
          </reporter-output>
        </test-method> <!-- runScenario -->
        <test-method signature="runScenario(io.cucumber.testng.PickleWrapper, io.cucumber.testng.FeatureWrapper)[pri:0, instance:runner.MyRunner@5939a379]" started-at="2021-11-08T07:53:45 PST" name="runScenario" description="Runs Cucumber Scenarios" data-provider="scenarios" finished-at="2021-11-08T07:53:49 PST" duration-ms="3669" status="PASS">
          <params>
            <param index="0">
              <value>
                <![CDATA["Validate login details for Blank Username and Password"]]>
              </value>
            </param>
            <param index="1">
              <value>
                <![CDATA["Optional[This feature is to test the login functionality of swag lab.]"]]>
              </value>
            </param>
          </params>
          <reporter-output>
          </reporter-output>
        </test-method> <!-- runScenario -->
        <test-method signature="runScenario(io.cucumber.testng.PickleWrapper, io.cucumber.testng.FeatureWrapper)[pri:0, instance:runner.MyRunner@5939a379]" started-at="2021-11-08T07:53:49 PST" name="runScenario" description="Runs Cucumber Scenarios" data-provider="scenarios" finished-at="2021-11-08T07:53:52 PST" duration-ms="3581" status="PASS">
          <params>
            <param index="0">
              <value>
                <![CDATA["Validate login details for Invalid user name & password"]]>
              </value>
            </param>
            <param index="1">
              <value>
                <![CDATA["Optional[This feature is to test the login functionality of swag lab.]"]]>
              </value>
            </param>
          </params>
          <reporter-output>
          </reporter-output>
        </test-method> <!-- runScenario -->
        <test-method signature="runScenario(io.cucumber.testng.PickleWrapper, io.cucumber.testng.FeatureWrapper)[pri:0, instance:runner.MyRunner@5939a379]" started-at="2021-11-08T07:53:52 PST" name="runScenario" description="Runs Cucumber Scenarios" data-provider="scenarios" finished-at="2021-11-08T07:53:56 PST" duration-ms="3479" status="PASS">
          <params>
            <param index="0">
              <value>
                <![CDATA["Validate login details for Invalid user name &  blank password"]]>
              </value>
            </param>
            <param index="1">
              <value>
                <![CDATA["Optional[This feature is to test the login functionality of swag lab.]"]]>
              </value>
            </param>
          </params>
          <reporter-output>
          </reporter-output>
        </test-method> <!-- runScenario -->
        <test-method signature="runScenario(io.cucumber.testng.PickleWrapper, io.cucumber.testng.FeatureWrapper)[pri:0, instance:runner.MyRunner@5939a379]" started-at="2021-11-08T07:53:56 PST" name="runScenario" description="Runs Cucumber Scenarios" data-provider="scenarios" finished-at="2021-11-08T07:53:59 PST" duration-ms="3540" status="PASS">
          <params>
            <param index="0">
              <value>
                <![CDATA["Validate login details for Blank user name &  invalid password"]]>
              </value>
            </param>
            <param index="1">
              <value>
                <![CDATA["Optional[This feature is to test the login functionality of swag lab.]"]]>
              </value>
            </param>
          </params>
          <reporter-output>
          </reporter-output>
        </test-method> <!-- runScenario -->
        <test-method signature="runScenario(io.cucumber.testng.PickleWrapper, io.cucumber.testng.FeatureWrapper)[pri:0, instance:runner.MyRunner@5939a379]" started-at="2021-11-08T07:53:59 PST" name="runScenario" description="Runs Cucumber Scenarios" data-provider="scenarios" finished-at="2021-11-08T07:54:03 PST" duration-ms="3548" status="PASS">
          <params>
            <param index="0">
              <value>
                <![CDATA["Validate login details for Valid user name with Uppercase Letter & valid password"]]>
              </value>
            </param>
            <param index="1">
              <value>
                <![CDATA["Optional[This feature is to test the login functionality of swag lab.]"]]>
              </value>
            </param>
          </params>
          <reporter-output>
          </reporter-output>
        </test-method> <!-- runScenario -->
        <test-method signature="runScenario(io.cucumber.testng.PickleWrapper, io.cucumber.testng.FeatureWrapper)[pri:0, instance:runner.MyRunner@5939a379]" started-at="2021-11-08T07:54:03 PST" name="runScenario" description="Runs Cucumber Scenarios" data-provider="scenarios" finished-at="2021-11-08T07:54:06 PST" duration-ms="3549" status="PASS">
          <params>
            <param index="0">
              <value>
                <![CDATA["Validate login details for Valid user name & valid password with Uppercase Letter"]]>
              </value>
            </param>
            <param index="1">
              <value>
                <![CDATA["Optional[This feature is to test the login functionality of swag lab.]"]]>
              </value>
            </param>
          </params>
          <reporter-output>
          </reporter-output>
        </test-method> <!-- runScenario -->
        <test-method signature="runScenario(io.cucumber.testng.PickleWrapper, io.cucumber.testng.FeatureWrapper)[pri:0, instance:runner.MyRunner@5939a379]" started-at="2021-11-08T07:54:06 PST" name="runScenario" description="Runs Cucumber Scenarios" data-provider="scenarios" finished-at="2021-11-08T07:54:10 PST" duration-ms="3531" status="PASS">
          <params>
            <param index="0">
              <value>
                <![CDATA["Validate login details for Space before/after user name & password"]]>
              </value>
            </param>
            <param index="1">
              <value>
                <![CDATA["Optional[This feature is to test the login functionality of swag lab.]"]]>
              </value>
            </param>
          </params>
          <reporter-output>
          </reporter-output>
        </test-method> <!-- runScenario -->
        <test-method signature="runScenario(io.cucumber.testng.PickleWrapper, io.cucumber.testng.FeatureWrapper)[pri:0, instance:runner.MyRunner@5939a379]" started-at="2021-11-08T07:54:10 PST" name="runScenario" description="Runs Cucumber Scenarios" data-provider="scenarios" finished-at="2021-11-08T07:54:14 PST" duration-ms="3660" status="PASS">
          <params>
            <param index="0">
              <value>
                <![CDATA["Validate login details for locked_out_user user name & password"]]>
              </value>
            </param>
            <param index="1">
              <value>
                <![CDATA["Optional[This feature is to test the login functionality of swag lab.]"]]>
              </value>
            </param>
          </params>
          <reporter-output>
          </reporter-output>
        </test-method> <!-- runScenario -->
        <test-method signature="runScenario(io.cucumber.testng.PickleWrapper, io.cucumber.testng.FeatureWrapper)[pri:0, instance:runner.MyRunner@5939a379]" started-at="2021-11-08T07:54:14 PST" name="runScenario" description="Runs Cucumber Scenarios" data-provider="scenarios" finished-at="2021-11-08T07:54:22 PST" duration-ms="8818" status="PASS">
          <params>
            <param index="0">
              <value>
                <![CDATA["Validate login details for performance_glitch_user user name & password"]]>
              </value>
            </param>
            <param index="1">
              <value>
                <![CDATA["Optional[This feature is to test the login functionality of swag lab.]"]]>
              </value>
            </param>
          </params>
          <reporter-output>
          </reporter-output>
        </test-method> <!-- runScenario -->
        <test-method signature="runScenario(io.cucumber.testng.PickleWrapper, io.cucumber.testng.FeatureWrapper)[pri:0, instance:runner.MyRunner@5939a379]" started-at="2021-11-08T07:54:22 PST" name="runScenario" description="Runs Cucumber Scenarios" data-provider="scenarios" finished-at="2021-11-08T07:54:57 PST" duration-ms="34207" status="FAIL">
          <params>
            <param index="0">
              <value>
                <![CDATA["Validate login details for problem_user user name & password"]]>
              </value>
            </param>
            <param index="1">
              <value>
                <![CDATA["Optional[This feature is to test the login functionality of swag lab.]"]]>
              </value>
            </param>
          </params>
          <exception class="org.openqa.selenium.NoSuchElementException">
            <message>
              <![CDATA[no such element: Unable to locate element: {"method":"css selector","selector":"button.error-button"}
  (Session info: chrome=95.0.4638.69)
For documentation on this error, please visit: https://www.seleniumhq.org/exceptions/no_such_element.html
Build info: version: '3.141.59', revision: 'e82be7d358', time: '2018-11-14T08:17:03'
System info: host: 'LAPTOP-TTB3SBVJ', ip: '192.168.1.10', os.name: 'Windows 10', os.arch: 'amd64', os.version: '10.0', java.version: '16.0.2'
Driver info: org.openqa.selenium.chrome.ChromeDriver
Capabilities {acceptInsecureCerts: false, browserName: chrome, browserVersion: 95.0.4638.69, chrome: {chromedriverVersion: 94.0.4606.61 (418b78f5838ed..., userDataDir: C:\Users\lenovo\AppData\Loc...}, goog:chromeOptions: {debuggerAddress: localhost:49836}, javascriptEnabled: true, networkConnectionEnabled: false, pageLoadStrategy: normal, platform: WINDOWS, platformName: WINDOWS, proxy: Proxy(), setWindowRect: true, strictFileInteractability: false, timeouts: {implicit: 0, pageLoad: 300000, script: 30000}, unhandledPromptBehavior: dismiss and notify, webauthn:extension:credBlob: true, webauthn:extension:largeBlob: true, webauthn:virtualAuthenticators: true}
Session ID: 90dd6d437c1b90ba870439eaa0765538
*** Element info: {Using=css selector, value=button.error-button}]]>
            </message>
            <full-stacktrace>
              <![CDATA[org.openqa.selenium.NoSuchElementException: no such element: Unable to locate element: {"method":"css selector","selector":"button.error-button"}
  (Session info: chrome=95.0.4638.69)
For documentation on this error, please visit: https://www.seleniumhq.org/exceptions/no_such_element.html
Build info: version: '3.141.59', revision: 'e82be7d358', time: '2018-11-14T08:17:03'
System info: host: 'LAPTOP-TTB3SBVJ', ip: '192.168.1.10', os.name: 'Windows 10', os.arch: 'amd64', os.version: '10.0', java.version: '16.0.2'
Driver info: org.openqa.selenium.chrome.ChromeDriver
Capabilities {acceptInsecureCerts: false, browserName: chrome, browserVersion: 95.0.4638.69, chrome: {chromedriverVersion: 94.0.4606.61 (418b78f5838ed..., userDataDir: C:\Users\lenovo\AppData\Loc...}, goog:chromeOptions: {debuggerAddress: localhost:49836}, javascriptEnabled: true, networkConnectionEnabled: false, pageLoadStrategy: normal, platform: WINDOWS, platformName: WINDOWS, proxy: Proxy(), setWindowRect: true, strictFileInteractability: false, timeouts: {implicit: 0, pageLoad: 300000, script: 30000}, unhandledPromptBehavior: dismiss and notify, webauthn:extension:credBlob: true, webauthn:extension:largeBlob: true, webauthn:virtualAuthenticators: true}
Session ID: 90dd6d437c1b90ba870439eaa0765538
*** Element info: {Using=css selector, value=button.error-button}
at java.base/jdk.internal.reflect.NativeConstructorAccessorImpl.newInstance0(Native Method)
at java.base/jdk.internal.reflect.NativeConstructorAccessorImpl.newInstance(NativeConstructorAccessorImpl.java:78)
at java.base/jdk.internal.reflect.DelegatingConstructorAccessorImpl.newInstance(DelegatingConstructorAccessorImpl.java:45)
at java.base/java.lang.reflect.Constructor.newInstanceWithCaller(Constructor.java:499)
at java.base/java.lang.reflect.Constructor.newInstance(Constructor.java:480)
at org.openqa.selenium.remote.http.W3CHttpResponseCodec.createException(W3CHttpResponseCodec.java:187)
at org.openqa.selenium.remote.http.W3CHttpResponseCodec.decode(W3CHttpResponseCodec.java:122)
at org.openqa.selenium.remote.http.W3CHttpResponseCodec.decode(W3CHttpResponseCodec.java:49)
at org.openqa.selenium.remote.HttpCommandExecutor.execute(HttpCommandExecutor.java:158)
at org.openqa.selenium.remote.service.DriverCommandExecutor.execute(DriverCommandExecutor.java:83)
at org.openqa.selenium.remote.RemoteWebDriver.execute(RemoteWebDriver.java:552)
at org.openqa.selenium.remote.RemoteWebDriver.findElement(RemoteWebDriver.java:323)
at org.openqa.selenium.remote.RemoteWebDriver.findElementByCssSelector(RemoteWebDriver.java:420)
at org.openqa.selenium.By$ByCssSelector.findElement(By.java:431)
at org.openqa.selenium.remote.RemoteWebDriver.findElement(RemoteWebDriver.java:315)
at steps.MyLoginClass.user_gets(MyLoginClass.java:36)
at ✽.User gets "Username and password do not match any user in this service"(file:///C:/Users/lenovo/Downloads/Selenium%20Code/Cucumber/SwagLabDemo/src/test/resources/Login.feature:76)
]]>
            </full-stacktrace>
          </exception> <!-- org.openqa.selenium.NoSuchElementException -->
          <reporter-output>
          </reporter-output>
        </test-method> <!-- runScenario -->
        <test-method signature="runScenario(io.cucumber.testng.PickleWrapper, io.cucumber.testng.FeatureWrapper)[pri:0, instance:runner.MyRunner@5939a379]" started-at="2021-11-08T07:54:57 PST" name="runScenario" description="Runs Cucumber Scenarios" data-provider="scenarios" finished-at="2021-11-08T07:55:00 PST" duration-ms="3751" status="PASS">
          <params>
            <param index="0">
              <value>
                <![CDATA["Validate login details for standard_user user name & password"]]>
              </value>
            </param>
            <param index="1">
              <value>
                <![CDATA["Optional[This feature is to test the login functionality of swag lab.]"]]>
              </value>
            </param>
          </params>
          <reporter-output>
          </reporter-output>
        </test-method> <!-- runScenario -->
        <test-method is-config="true" signature="tearDownClass()[pri:0, instance:runner.MyRunner@5939a379]" started-at="2021-11-08T07:55:00 PST" name="tearDownClass" finished-at="2021-11-08T07:55:00 PST" duration-ms="99" status="PASS">
          <reporter-output>
          </reporter-output>
        </test-method> <!-- tearDownClass -->
      </class> <!-- runner.MyRunner -->
    </test> <!-- Default test -->
  </suite> <!-- Default suite -->
</testng-results>
